<?xml version="1.0" encoding="UTF-8"?>
<!-- Generated by org.testng.reporters.JUnitReportReporter -->
<testsuite hostname="MyComputer" name="com.practice.TestCase.TestCase4" tests="1" failures="0" timestamp="31 Mar 2020 06:50:05 GMT" time="18.974" errors="0">
  <testcase name="newarraival_itemclick" time="18.974" classname="com.practice.TestCase.TestCase4"/>
</testsuite> <!-- com.practice.TestCase.TestCase4 -->
