<?xml version="1.0" encoding="UTF-8"?>
<!-- Generated by org.testng.reporters.JUnitReportReporter -->
<testsuite hostname="MyComputer" name="com.practice.TestCase.TestCase3" tests="1" failures="0" timestamp="31 Mar 2020 04:37:57 GMT" time="43.897" errors="0">
  <testcase name="newarraival_itemclick" time="43.897" classname="com.practice.TestCase.TestCase3"/>
</testsuite> <!-- com.practice.TestCase.TestCase3 -->
