<?xml version="1.0" encoding="UTF-8"?>
<!-- Generated by org.testng.reporters.JUnitReportReporter -->
<testsuite hostname="MyComputer" name="com.practice.TestCase.Testcase2" tests="1" failures="0" timestamp="31 Mar 2020 02:53:12 GMT" time="20.546" errors="0">
  <testcase name="verifynewarrival" time="20.546" classname="com.practice.TestCase.Testcase2"/>
</testsuite> <!-- com.practice.TestCase.Testcase2 -->
